<?xml version="1.0" encoding="utf-8"?><testsuites><testsuite name="pytest" errors="0" failures="0" skipped="0" tests="10" time="0.974" timestamp="2025-10-21T16:52:53.781732+02:00" hostname="runnervmwhb2z"><testcase classname="tests.test_input_validation" name="test_login_username_too_long" time="0.062" /><testcase classname="tests.test_input_validation" name="test_login_username_invalid_chars" time="0.007" /><testcase classname="tests.test_input_validation" name="test_search_query_too_long" time="0.003" /><testcase classname="tests.test_input_validation" name="test_search_query_too_short" time="0.003" /><testcase classname="tests.test_login_sql_injection" name="test_sql_injection_in_search_returns_200" time="0.010" /><testcase classname="tests.test_login_sql_injection" name="test_sql_injection_in_login_returns_401_or_422" time="0.007" /><testcase classname="tests.test_xss_escaping" name="test_echo_should_escape_script_tags" time="0.007" /><testcase classname="tests.test_xss_escaping" name="test_img_onerror_not_executed" time="0.004" /><testcase classname="tests.test_xss_escaping" name="test_xss_multiple_vectors_blocked" time="0.012" /><testcase classname="tests.test_xss_escaping" name="test_safe_content_preserved" time="0.010" /></testsuite></testsuites>